<?xml version="1.0" encoding="UTF-8"?>
<!-- Generated by org.testng.reporters.JUnitReportReporter -->
<testsuite hostname="DESKTOP-J70V8SL" failures="0" tests="1" name="tests.GitHubApiTest" time="2.513" errors="0" timestamp="2024-04-30T14:32:45 CEST" skipped="0">
  <testcase classname="tests.GitHubApiTest" name="testGetUserDetails" time="2.513"/>
</testsuite> <!-- tests.GitHubApiTest -->
